<?xml version="1.0" encoding="UTF-8"?>
<testng-results ignored="0" total="4" passed="4" failed="0" skipped="0">
  <reporter-output>
  </reporter-output>
  <suite started-at="2022-08-20T10:31:48 IST" name="Suite" finished-at="2022-08-20T10:31:48 IST" duration-ms="213">
    <groups>
    </groups>
    <test started-at="2022-08-20T10:31:48 IST" name="RegressionSuite" finished-at="2022-08-20T10:31:48 IST" duration-ms="213">
      <class name="AddCart.AddItemCartCases">
        <test-method signature="addItemToCart()[pri:0, instance:AddCart.AddItemCartCases@2767e23c]" started-at="2022-08-20T10:31:48 IST" name="addItemToCart" finished-at="2022-08-20T10:31:48 IST" duration-ms="28" status="PASS">
          <reporter-output>
          </reporter-output>
        </test-method> <!-- addItemToCart -->
      </class> <!-- AddCart.AddItemCartCases -->
      <class name="UserLogin.Session">
        <test-method signature="doLogin()[pri:0, instance:UserLogin.Session@48075da3]" started-at="2022-08-20T10:31:48 IST" name="doLogin" finished-at="2022-08-20T10:31:48 IST" duration-ms="29" status="PASS">
          <reporter-output>
          </reporter-output>
        </test-method> <!-- doLogin -->
        <test-method signature="doLogout()[pri:0, instance:UserLogin.Session@48075da3]" started-at="2022-08-20T10:31:48 IST" name="doLogout" finished-at="2022-08-20T10:31:48 IST" duration-ms="29" status="PASS">
          <reporter-output>
          </reporter-output>
        </test-method> <!-- doLogout -->
      </class> <!-- UserLogin.Session -->
      <class name="SearchItem.SearchItemCases">
        <test-method signature="searchIteminSearch()[pri:0, instance:SearchItem.SearchItemCases@710c2b53]" started-at="2022-08-20T10:31:48 IST" name="searchIteminSearch" finished-at="2022-08-20T10:31:48 IST" duration-ms="29" status="PASS">
          <reporter-output>
          </reporter-output>
        </test-method> <!-- searchIteminSearch -->
      </class> <!-- SearchItem.SearchItemCases -->
    </test> <!-- RegressionSuite -->
  </suite> <!-- Suite -->
</testng-results>
