<?xml version="1.0" encoding="UTF-8"?>
<!-- Generated by org.testng.reporters.JUnitXMLReporter -->
<testsuite ignored="0" hostname="DESKTOP-KUD3RA3" failures="0" tests="4" name="RegressionSuite" time="0.213" errors="0" timestamp="2022-08-20T10:31:48 IST">
  <testcase classname="SearchItem.SearchItemCases" name="searchIteminSearch" time="0.029"/>
  <testcase classname="UserLogin.Session" name="doLogin" time="0.029"/>
  <testcase classname="AddCart.AddItemCartCases" name="addItemToCart" time="0.028"/>
  <testcase classname="UserLogin.Session" name="doLogout" time="0.029"/>
</testsuite> <!-- RegressionSuite -->
